29
163
47(692777) 83(930886) 86(692777) 99(930886) 125(692777) 165(692777) 111(930886) 136(930886) 195(930886) 166(930886) 225(692777) 226(930886) 168(692777) 181(930886) 64(692777) 150(692777) 151(930886) 168(692777) 166(930886) 167(692777) 110(930886) 150(692777) 166(930886) 149(692777) 110(930886) 165(692777) 164(930886) 148(692777) 110(930886) 64(692777) 65(930886) 47(692777) 
0 0 1 2 2 3 4 5 6 7 8 9 10 10 11 11 12 13 13 14 15 15 16 17 17 
18 19 20 21 22 23 4 24 24 24 25 9 10 26 27 28 29 30 31 32 32 33 33 34 35 
36 37 38 39 22 23 40 41 42 43 44 45 46 47 27 48 49 50 51 52 53 53 54 55 55 
56 57 38 58 59 60 61 61 42 62 63 64 65 47 66 67 68 69 70 71 72 73 74 75 76 
77 78 78 79 59 80 61 81 82 82 64 64 64 83 84 85 86 87 71 71 88 89 89 90 91 
92 93 93 93 94 95 96 97 98 64 64 64 64 64 64 64 99 87 71 71 100 101 102 103 91 
92 104 93 105 106 107 108 108 109 110 64 64 111 111 111 64 112 87 113 114 115 116 117 118 119 
120 120 121 122 123 124 124 125 126 110 64 64 111 111 111 64 64 127 128 129 116 116 116 130 119 
131 132 133 122 134 124 135 110 110 110 110 64 64 64 64 136 137 128 128 138 139 140 141 142 143 
131 144 144 145 146 147 148 110 149 110 150 151 151 151 64 64 152 128 153 154 155 156 157 158 158 
159 160 161 162 163 147 164 165 166 167 166 168 151 151 64 64 152 169 170 171 172 173 174 175 176 
177 178 179 179 180 180 180 165 166 167 166 168 168 168 181 182 183 184 185 185 186 173 187 188 189 
190 191 191 192 193 194 194 165 166 166 166 168 195 196 196 197 197 198 199 199 200 201 202 188 203 
204 205 206 207 208 209 210 166 166 166 168 168 168 211 196 212 213 198 199 214 215 216 202 188 217 
218 219 220 220 221 222 223 166 224 225 226 227 227 228 229 199 199 199 199 199 215 216 230 231 217 
232 233 234 220 235 236 237 238 239 240 241 227 242 243 244 199 199 199 199 199 245 246 247 248 249 
250 234 234 251 252 253 254 255 255 256 256 227 257 243 243 243 199 199 199 199 199 199 258 259 260 
261 234 234 262 263 263 254 254 264 265 256 266 267 268 269 270 199 199 199 199 271 199 272 273 274 
275 275 234 276 263 277 278 278 279 280 280 281 282 283 284 270 285 199 199 199 199 199 286 287 288 
289 289 290 291 291 292 292 293 294 295 280 296 282 297 298 298 285 299 300 301 302 302 303 304 304 
305 305 306 307 307 308 308 309 310 311 312 296 282 313 314 315 316 299 317 318 318 319 320 320 304 
321 322 323 323 324 325 326 327 328 311 329 330 331 313 314 332 316 333 333 334 335 336 337 337 338 
339 340 341 342 343 325 344 328 328 345 346 346 347 313 348 349 350 333 351 334 335 352 353 353 354 
339 355 341 356 357 358 359 359 360 361 362 363 364 365 348 366 367 368 369 370 370 371 372 373 374 
375 376 377 378 378 379 380 381 381 382 382 383 384 365 385 385 386 368 387 388 388 389 390 391 392 
